25/04 14:19:55 | INFO  | SERVIDOR | Servidor iniciado en el puerto: 20000
25/04 14:21:05 | INFO  | SERVIDOR | Servidor iniciado en el puerto: 20000
25/04 14:22:26 | INFO  | SERVIDOR | Servidor iniciado en el puerto: 20000
25/04 14:22:31 | ERROR | ACCESO | IP : /127.0.0.1:60643 | No esta implementado la opcion null
25/04 14:24:47 | INFO  | SERVIDOR | Servidor iniciado en el puerto: 20000
25/04 14:24:50 | ERROR | ACCESO | IP : /127.0.0.1:60644 | ACCION: GetElement |No esta implementado la opcion null
25/04 14:26:23 | ERROR | SERVIDOR | Error al iniciar el servidor
java.net.BindException: Address already in use: JVM_Bind
	at java.net.DualStackPlainSocketImpl.bind0(Native Method)
	at java.net.DualStackPlainSocketImpl.socketBind(DualStackPlainSocketImpl.java:96)
	at java.net.AbstractPlainSocketImpl.bind(AbstractPlainSocketImpl.java:374)
	at java.net.PlainSocketImpl.bind(PlainSocketImpl.java:175)
	at java.net.ServerSocket.bind(ServerSocket.java:376)
	at java.net.ServerSocket.<init>(ServerSocket.java:237)
	at java.net.ServerSocket.<init>(ServerSocket.java:128)
	at com.taskserver.server.AbstractServer.<init>(AbstractServer.java:43)
	at com.taskserver.implementation.server.Server.<init>(Server.java:46)
	at com.taskserver.implementation.server.Server.main(Server.java:82)
25/04 14:26:34 | INFO  | SERVIDOR | Servidor iniciado en el puerto: 20000
25/04 14:26:39 | ERROR | ACCESO | IP : /127.0.0.1:60645 | ACCION: GetElement | No esta implementado la opcion "null"
25/04 14:30:15 | INFO  | SERVIDOR | Servidor iniciado en el puerto: 20000
25/04 14:30:18 | ERROR | ACCESO | IP : /127.0.0.1:60658 | ACCION: GetElement | java.net.SocketException: Connection reset
30/04 13:37:02 | INFO  | SERVIDOR | Servidor iniciado en el puerto: 20000
30/04 13:44:19 | INFO  | SERVIDOR | Servidor iniciado en el puerto: 20000
30/04 13:44:28 | INFO  | ACCESO | IP : /127.0.0.1:56321 | ACCION: INSERT_USER | ELEMENTO: com.teconvido.bd.modelo.User[ login=xperiaExample ]
30/04 13:46:22 | INFO  | SERVIDOR | Servidor iniciado en el puerto: 20000
30/04 13:46:27 | INFO  | ACCESO | IP : /127.0.0.1:56346 | ACCION: INSERT_USER | ELEMENTO: com.teconvido.bd.modelo.User[ login=xperiaExample ]
30/04 13:46:43 | INFO  | ACCESO | IP : /127.0.0.1:56350 | ACCION: INSERT_USER | ELEMENTO: com.teconvido.bd.modelo.User[ login=xperiaExample ]
30/04 13:46:54 | INFO  | SERVIDOR | Servidor iniciado en el puerto: 20000
30/04 13:46:57 | INFO  | ACCESO | IP : /127.0.0.1:56354 | ACCION: INSERT_USER | ELEMENTO: com.teconvido.bd.modelo.User[ login=xperiaExample ]
30/04 18:34:28 | INFO  | SERVIDOR | Servidor iniciado en el puerto: 20000
30/04 18:34:32 | INFO  | ACCESO | IP : /127.0.0.1:58887 | ACCION: UPDATE_GCM_CODE | ELEMENTO: a
30/04 18:35:10 | INFO  | ACCESO | IP : /127.0.0.1:58897 | ACCION: UPDATE_GCM_CODE | ELEMENTO: a
30/04 18:36:03 | INFO  | SERVIDOR | Servidor iniciado en el puerto: 20000
30/04 18:36:06 | INFO  | ACCESO | IP : /127.0.0.1:58907 | ACCION: UPDATE_GCM_CODE | ELEMENTO: a
30/04 18:37:31 | INFO  | ACCESO | IP : /127.0.0.1:58923 | ACCION: UPDATE_GCM_CODE | ELEMENTO: null
30/04 18:58:31 | INFO  | SERVIDOR | Servidor iniciado en el puerto: 20000
30/04 18:58:38 | INFO  | ACCESO | IP : /127.0.0.1:59235 | ACCION: IS_CORRECT_LOGIN | BUSQUEDA: com.teconvido.bd.modelo.User[ login=xperiaS ]
30/04 18:58:39 | INFO  | ACCESO | IP : /127.0.0.1:59237 | ACCION: IS_CORRECT_LOGIN | BUSQUEDA: com.teconvido.bd.modelo.User[ login=xperiaS ]
30/04 18:59:08 | INFO  | SERVIDOR | Servidor iniciado en el puerto: 20000
30/04 18:59:11 | INFO  | ACCESO | IP : /127.0.0.1:59246 | ACCION: IS_CORRECT_LOGIN | BUSQUEDA: com.teconvido.bd.modelo.User[ login=xperiaS ]
30/04 18:59:11 | INFO  | ACCESO | IP : /127.0.0.1:59248 | ACCION: IS_CORRECT_LOGIN | BUSQUEDA: com.teconvido.bd.modelo.User[ login=xperiaS ]
30/04 19:00:04 | INFO  | ACCESO | IP : /127.0.0.1:59260 | ACCION: IS_CORRECT_LOGIN | BUSQUEDA: com.teconvido.bd.modelo.User[ login=xperiaS ]
30/04 19:00:04 | INFO  | ACCESO | IP : /127.0.0.1:59262 | ACCION: IS_CORRECT_LOGIN | BUSQUEDA: com.teconvido.bd.modelo.User[ login=xperiaS ]
30/04 19:12:58 | INFO  | SERVIDOR | Servidor iniciado en el puerto: 20000
08/05 12:33:54 | INFO  | SERVIDOR | Servidor iniciado en el puerto: 20000
08/05 12:34:59 | INFO  | SERVIDOR | Servidor iniciado en el puerto: 20000
08/05 12:36:35 | INFO  | SERVIDOR | Servidor iniciado en el puerto: 20000
08/05 12:36:47 | ERROR | ACCESO | IP : /127.0.0.1:61076 | ACCION: GetElement | java.net.SocketException: Connection reset
08/05 12:39:35 | INFO  | SERVIDOR | Servidor iniciado en el puerto: 20000
09/05 10:10:33 | INFO  | SERVIDOR | Servidor iniciado en el puerto: 20000
09/05 11:39:32 | INFO  | SERVIDOR | Servidor iniciado en el puerto: 20000
09/05 12:58:10 | ERROR | ACCESO | IP : /127.0.0.1:60074 | ACCION: NotificationPush | java.net.UnknownHostException: android.googleapis.com
19/05 13:22:01 | ERROR | SERVIDOR | Error al iniciar el servidor
java.net.BindException: Address already in use: JVM_Bind
	at java.net.DualStackPlainSocketImpl.bind0(Native Method)
	at java.net.DualStackPlainSocketImpl.socketBind(DualStackPlainSocketImpl.java:106)
	at java.net.AbstractPlainSocketImpl.bind(AbstractPlainSocketImpl.java:376)
	at java.net.PlainSocketImpl.bind(PlainSocketImpl.java:190)
	at java.net.ServerSocket.bind(ServerSocket.java:376)
	at java.net.ServerSocket.<init>(ServerSocket.java:237)
	at java.net.ServerSocket.<init>(ServerSocket.java:128)
	at com.taskserver.server.AbstractServer.<init>(AbstractServer.java:41)
	at com.teconvido.server.TeConvidoServer.<init>(TeConvidoServer.java:48)
	at com.teconvido.server.TeConvidoServer.main(TeConvidoServer.java:84)
19/05 13:22:10 | INFO  | SERVIDOR | Servidor iniciado en el puerto: 20000
19/05 13:24:58 | INFO  | SERVIDOR | Servidor iniciado en el puerto: 20000
19/05 13:25:05 | ERROR | SERVIDOR | Error al iniciar el servidor
java.net.SocketException: Connection reset
	at java.net.SocketInputStream.read(SocketInputStream.java:189)
	at java.net.SocketInputStream.read(SocketInputStream.java:121)
	at java.io.DataInputStream.readFully(DataInputStream.java:195)
	at java.io.DataInputStream.readUTF(DataInputStream.java:609)
	at java.io.DataInputStream.readUTF(DataInputStream.java:564)
	at com.utilities.safesocket.gson.SafeSocket.receiveAesKey(SafeSocket.java:175)
	at com.utilities.safesocket.gson.SafeServerSocket.exchangeKeys(SafeServerSocket.java:78)
	at com.utilities.safesocket.gson.SafeServerSocket.<init>(SafeServerSocket.java:39)
	at com.taskserver.server.AbstractServer.start(AbstractServer.java:51)
	at com.teconvido.server.TeConvidoServer.main(TeConvidoServer.java:86)
19/05 13:27:05 | INFO  | SERVIDOR | Servidor iniciado en el puerto: 20000
19/05 13:27:08 | ERROR | SERVIDOR | Error al iniciar el servidor
java.net.SocketException: Connection reset
	at java.net.SocketInputStream.read(SocketInputStream.java:189)
	at java.net.SocketInputStream.read(SocketInputStream.java:121)
	at java.io.DataInputStream.readFully(DataInputStream.java:195)
	at java.io.DataInputStream.readUTF(DataInputStream.java:609)
	at java.io.DataInputStream.readUTF(DataInputStream.java:564)
	at com.utilities.safesocket.gson.SafeSocket.receiveAesKey(SafeSocket.java:175)
	at com.utilities.safesocket.gson.SafeServerSocket.exchangeKeys(SafeServerSocket.java:78)
	at com.utilities.safesocket.gson.SafeServerSocket.<init>(SafeServerSocket.java:39)
	at com.taskserver.server.AbstractServer.start(AbstractServer.java:51)
	at com.teconvido.server.TeConvidoServer.main(TeConvidoServer.java:86)
19/05 13:27:43 | INFO  | SERVIDOR | Servidor iniciado en el puerto: 20000
19/05 13:27:46 | ERROR | SERVIDOR | Error al iniciar el servidor
java.net.SocketException: Connection reset
	at java.net.SocketInputStream.read(SocketInputStream.java:189)
	at java.net.SocketInputStream.read(SocketInputStream.java:121)
	at java.net.SocketInputStream.read(SocketInputStream.java:203)
	at java.io.DataInputStream.readUnsignedShort(DataInputStream.java:337)
	at java.io.DataInputStream.readUTF(DataInputStream.java:589)
	at java.io.DataInputStream.readUTF(DataInputStream.java:564)
	at com.utilities.safesocket.gson.SafeSocket.receiveAesKey(SafeSocket.java:175)
	at com.utilities.safesocket.gson.SafeServerSocket.exchangeKeys(SafeServerSocket.java:78)
	at com.utilities.safesocket.gson.SafeServerSocket.<init>(SafeServerSocket.java:39)
	at com.taskserver.server.AbstractServer.start(AbstractServer.java:51)
	at com.teconvido.server.TeConvidoServer.main(TeConvidoServer.java:86)
19/05 13:40:19 | INFO  | SERVIDOR | Servidor iniciado en el puerto: 20000
19/05 13:40:30 | ERROR | SERVIDOR | Error al iniciar el servidor
java.net.SocketException: Connection reset
	at java.net.SocketInputStream.read(SocketInputStream.java:189)
	at java.net.SocketInputStream.read(SocketInputStream.java:121)
	at java.net.SocketInputStream.read(SocketInputStream.java:203)
	at java.io.DataInputStream.readUnsignedShort(DataInputStream.java:337)
	at java.io.DataInputStream.readUTF(DataInputStream.java:589)
	at java.io.DataInputStream.readUTF(DataInputStream.java:564)
	at com.utilities.safesocket.gson.SafeSocket.receiveAesKey(SafeSocket.java:175)
	at com.utilities.safesocket.gson.SafeServerSocket.exchangeKeys(SafeServerSocket.java:78)
	at com.utilities.safesocket.gson.SafeServerSocket.<init>(SafeServerSocket.java:39)
	at com.taskserver.server.AbstractServer.start(AbstractServer.java:51)
	at com.teconvido.server.TeConvidoServer.main(TeConvidoServer.java:86)
19/05 13:41:58 | INFO  | SERVIDOR | Servidor iniciado en el puerto: 20000
19/05 13:42:13 | ERROR | SERVIDOR | Error al iniciar el servidor
java.net.SocketException: Connection reset
	at java.net.SocketInputStream.read(SocketInputStream.java:189)
	at java.net.SocketInputStream.read(SocketInputStream.java:121)
	at java.net.SocketInputStream.read(SocketInputStream.java:203)
	at java.io.DataInputStream.readUnsignedShort(DataInputStream.java:337)
	at java.io.DataInputStream.readUTF(DataInputStream.java:589)
	at java.io.DataInputStream.readUTF(DataInputStream.java:564)
	at com.utilities.safesocket.gson.SafeSocket.receiveAesKey(SafeSocket.java:174)
	at com.utilities.safesocket.gson.SafeServerSocket.exchangeKeys(SafeServerSocket.java:78)
	at com.utilities.safesocket.gson.SafeServerSocket.<init>(SafeServerSocket.java:39)
	at com.taskserver.server.AbstractServer.start(AbstractServer.java:51)
	at com.teconvido.server.TeConvidoServer.main(TeConvidoServer.java:86)
19/05 13:43:46 | INFO  | SERVIDOR | Servidor iniciado en el puerto: 20000
19/05 13:43:51 | ERROR | SERVIDOR | Error al iniciar el servidor
java.net.SocketException: Connection reset
	at java.net.SocketInputStream.read(SocketInputStream.java:189)
	at java.net.SocketInputStream.read(SocketInputStream.java:121)
	at java.net.SocketInputStream.read(SocketInputStream.java:203)
	at java.io.DataInputStream.readUnsignedShort(DataInputStream.java:337)
	at java.io.DataInputStream.readUTF(DataInputStream.java:589)
	at java.io.DataInputStream.readUTF(DataInputStream.java:564)
	at com.utilities.safesocket.gson.SafeSocket.receiveAesKey(SafeSocket.java:178)
	at com.utilities.safesocket.gson.SafeServerSocket.exchangeKeys(SafeServerSocket.java:78)
	at com.utilities.safesocket.gson.SafeServerSocket.<init>(SafeServerSocket.java:39)
	at com.taskserver.server.AbstractServer.start(AbstractServer.java:51)
	at com.teconvido.server.TeConvidoServer.main(TeConvidoServer.java:86)
19/05 13:46:02 | INFO  | SERVIDOR | Servidor iniciado en el puerto: 20000
19/05 13:46:05 | ERROR | SERVIDOR | Error al iniciar el servidor
java.net.SocketException: Connection reset
	at java.net.SocketInputStream.read(SocketInputStream.java:189)
	at java.net.SocketInputStream.read(SocketInputStream.java:121)
	at java.net.SocketInputStream.read(SocketInputStream.java:203)
	at java.io.DataInputStream.readUnsignedShort(DataInputStream.java:337)
	at java.io.DataInputStream.readUTF(DataInputStream.java:589)
	at java.io.DataInputStream.readUTF(DataInputStream.java:564)
	at com.utilities.safesocket.gson.SafeSocket.receiveAesKey(SafeSocket.java:182)
	at com.utilities.safesocket.gson.SafeServerSocket.exchangeKeys(SafeServerSocket.java:78)
	at com.utilities.safesocket.gson.SafeServerSocket.<init>(SafeServerSocket.java:39)
	at com.taskserver.server.AbstractServer.start(AbstractServer.java:51)
	at com.teconvido.server.TeConvidoServer.main(TeConvidoServer.java:86)
19/05 13:46:53 | INFO  | SERVIDOR | Servidor iniciado en el puerto: 20000
19/05 13:46:56 | ERROR | SERVIDOR | Error al iniciar el servidor
java.net.SocketException: Connection reset
	at java.net.SocketInputStream.read(SocketInputStream.java:189)
	at java.net.SocketInputStream.read(SocketInputStream.java:121)
	at java.net.SocketInputStream.read(SocketInputStream.java:203)
	at java.io.DataInputStream.readUnsignedShort(DataInputStream.java:337)
	at java.io.DataInputStream.readUTF(DataInputStream.java:589)
	at java.io.DataInputStream.readUTF(DataInputStream.java:564)
	at com.utilities.safesocket.gson.SafeSocket.receiveAesKey(SafeSocket.java:184)
	at com.utilities.safesocket.gson.SafeServerSocket.exchangeKeys(SafeServerSocket.java:78)
	at com.utilities.safesocket.gson.SafeServerSocket.<init>(SafeServerSocket.java:39)
	at com.taskserver.server.AbstractServer.start(AbstractServer.java:51)
	at com.teconvido.server.TeConvidoServer.main(TeConvidoServer.java:86)
19/05 13:47:26 | INFO  | SERVIDOR | Servidor iniciado en el puerto: 20000
19/05 13:47:29 | ERROR | SERVIDOR | Error al iniciar el servidor
java.net.SocketException: Connection reset
	at java.net.SocketInputStream.read(SocketInputStream.java:189)
	at java.net.SocketInputStream.read(SocketInputStream.java:121)
	at java.net.SocketInputStream.read(SocketInputStream.java:203)
	at java.io.DataInputStream.readUnsignedShort(DataInputStream.java:337)
	at java.io.DataInputStream.readUTF(DataInputStream.java:589)
	at java.io.DataInputStream.readUTF(DataInputStream.java:564)
	at com.utilities.safesocket.gson.SafeSocket.receiveAesKey(SafeSocket.java:184)
	at com.utilities.safesocket.gson.SafeServerSocket.exchangeKeys(SafeServerSocket.java:78)
	at com.utilities.safesocket.gson.SafeServerSocket.<init>(SafeServerSocket.java:39)
	at com.taskserver.server.AbstractServer.start(AbstractServer.java:51)
	at com.teconvido.server.TeConvidoServer.main(TeConvidoServer.java:86)
19/05 13:48:08 | INFO  | SERVIDOR | Servidor iniciado en el puerto: 20000
19/05 13:48:11 | ERROR | SERVIDOR | Error al iniciar el servidor
java.net.SocketException: Connection reset
	at java.net.SocketInputStream.read(SocketInputStream.java:189)
	at java.net.SocketInputStream.read(SocketInputStream.java:121)
	at java.net.SocketInputStream.read(SocketInputStream.java:203)
	at java.io.DataInputStream.readUnsignedShort(DataInputStream.java:337)
	at java.io.DataInputStream.readUTF(DataInputStream.java:589)
	at java.io.DataInputStream.readUTF(DataInputStream.java:564)
	at com.utilities.safesocket.gson.SafeSocket.receiveAesKey(SafeSocket.java:186)
	at com.utilities.safesocket.gson.SafeServerSocket.exchangeKeys(SafeServerSocket.java:78)
	at com.utilities.safesocket.gson.SafeServerSocket.<init>(SafeServerSocket.java:39)
	at com.taskserver.server.AbstractServer.start(AbstractServer.java:51)
	at com.teconvido.server.TeConvidoServer.main(TeConvidoServer.java:86)
19/05 13:50:21 | INFO  | SERVIDOR | Servidor iniciado en el puerto: 20000
19/05 13:52:38 | INFO  | SERVIDOR | Servidor iniciado en el puerto: 20000
19/05 13:55:40 | INFO  | SERVIDOR | Servidor iniciado en el puerto: 20000
19/05 14:01:26 | ERROR | SERVIDOR | Error al iniciar el servidor
java.net.BindException: Address already in use: JVM_Bind
	at java.net.DualStackPlainSocketImpl.bind0(Native Method)
	at java.net.DualStackPlainSocketImpl.socketBind(DualStackPlainSocketImpl.java:106)
	at java.net.AbstractPlainSocketImpl.bind(AbstractPlainSocketImpl.java:376)
	at java.net.PlainSocketImpl.bind(PlainSocketImpl.java:190)
	at java.net.ServerSocket.bind(ServerSocket.java:376)
	at java.net.ServerSocket.<init>(ServerSocket.java:237)
	at java.net.ServerSocket.<init>(ServerSocket.java:128)
	at com.taskserver.server.AbstractServer.<init>(AbstractServer.java:41)
	at com.teconvido.server.TeConvidoServer.<init>(TeConvidoServer.java:48)
	at com.teconvido.server.TeConvidoServer.main(TeConvidoServer.java:84)
19/05 14:01:32 | INFO  | SERVIDOR | Servidor iniciado en el puerto: 20000
19/05 14:05:51 | INFO  | SERVIDOR | Servidor iniciado en el puerto: 20000
19/05 14:06:52 | INFO  | SERVIDOR | Servidor iniciado en el puerto: 20000
19/05 14:09:24 | INFO  | SERVIDOR | Servidor iniciado en el puerto: 20000
19/05 14:34:31 | INFO  | SERVIDOR | Servidor iniciado en el puerto: 20000
19/05 14:36:14 | ERROR | SERVIDOR | Error al iniciar el servidor
java.net.SocketException: Connection reset
	at java.net.SocketInputStream.read(SocketInputStream.java:189)
	at java.net.SocketInputStream.read(SocketInputStream.java:121)
	at java.net.SocketInputStream.read(SocketInputStream.java:203)
	at java.io.ObjectInputStream$PeekInputStream.peek(ObjectInputStream.java:2291)
	at java.io.ObjectInputStream$BlockDataInputStream.readBlockHeader(ObjectInputStream.java:2471)
	at java.io.ObjectInputStream$BlockDataInputStream.refill(ObjectInputStream.java:2541)
	at java.io.ObjectInputStream$BlockDataInputStream.read(ObjectInputStream.java:2613)
	at java.io.DataInputStream.readUnsignedShort(DataInputStream.java:337)
	at java.io.ObjectInputStream$BlockDataInputStream.readUnsignedShort(ObjectInputStream.java:2806)
	at java.io.ObjectInputStream$BlockDataInputStream.readUTF(ObjectInputStream.java:2862)
	at java.io.ObjectInputStream.readUTF(ObjectInputStream.java:1070)
	at com.utilities.safesocket.gson.SafeSocket.receiveAesKey(SafeSocket.java:189)
	at com.utilities.safesocket.gson.SafeServerSocket.exchangeKeys(SafeServerSocket.java:78)
	at com.utilities.safesocket.gson.SafeServerSocket.<init>(SafeServerSocket.java:39)
	at com.taskserver.server.AbstractServer.start(AbstractServer.java:51)
	at com.teconvido.server.TeConvidoServer.main(TeConvidoServer.java:86)
19/05 18:01:05 | INFO  | SERVIDOR | Servidor iniciado en el puerto: 20000
19/05 18:05:21 | INFO  | SERVIDOR | Servidor iniciado en el puerto: 20000
19/05 18:05:26 | INFO  | ACCESO | IP : /127.0.0.1:61696 | ACCION: IS_CORRECT_LOGIN | BUSQUEDA: com.teconvido.bd.modelo.User[ login=null ]
19/05 18:30:43 | INFO  | SERVIDOR | Servidor iniciado en el puerto: 20000
19/05 18:30:54 | INFO  | ACCESO | IP : /127.0.0.1:62224 | ACCION: IS_CORRECT_LOGIN | BUSQUEDA: com.teconvido.bd.modelo.User[ login=null ]
19/05 18:50:52 | INFO  | SERVIDOR | Servidor iniciado en el puerto: 20000
19/05 18:51:00 | INFO  | ACCESO | IP : /127.0.0.1:62733 | ACCION: IS_CORRECT_LOGIN | BUSQUEDA: com.teconvido.bd.modelo.User[ login=null ]
19/05 19:25:41 | INFO  | SERVIDOR | Servidor iniciado en el puerto: 20000
20/05 11:42:47 | INFO  | SERVIDOR | Servidor iniciado en el puerto: 20000
20/05 11:44:17 | ERROR | SERVIDOR | Error al iniciar el servidor
java.net.BindException: Address already in use: JVM_Bind
	at java.net.DualStackPlainSocketImpl.bind0(Native Method)
	at java.net.DualStackPlainSocketImpl.socketBind(DualStackPlainSocketImpl.java:106)
	at java.net.AbstractPlainSocketImpl.bind(AbstractPlainSocketImpl.java:376)
	at java.net.PlainSocketImpl.bind(PlainSocketImpl.java:190)
	at java.net.ServerSocket.bind(ServerSocket.java:376)
	at java.net.ServerSocket.<init>(ServerSocket.java:237)
	at java.net.ServerSocket.<init>(ServerSocket.java:128)
	at com.taskserver.server.AbstractServer.<init>(AbstractServer.java:38)
	at com.teconvido.server.TeConvidoServer.<init>(TeConvidoServer.java:52)
	at com.teconvido.server.TeConvidoServer.main(TeConvidoServer.java:88)
20/05 11:44:23 | INFO  | SERVIDOR | Servidor iniciado en el puerto: 20000
20/05 11:45:16 | INFO  | SERVIDOR | Servidor iniciado en el puerto: 20000
20/05 11:45:59 | ERROR | SERVIDOR | Error al iniciar el servidor
java.net.BindException: Address already in use: JVM_Bind
	at java.net.DualStackPlainSocketImpl.bind0(Native Method)
	at java.net.DualStackPlainSocketImpl.socketBind(DualStackPlainSocketImpl.java:106)
	at java.net.AbstractPlainSocketImpl.bind(AbstractPlainSocketImpl.java:376)
	at java.net.PlainSocketImpl.bind(PlainSocketImpl.java:190)
	at java.net.ServerSocket.bind(ServerSocket.java:376)
	at java.net.ServerSocket.<init>(ServerSocket.java:237)
	at java.net.ServerSocket.<init>(ServerSocket.java:128)
	at com.taskserver.server.AbstractServer.<init>(AbstractServer.java:38)
	at com.teconvido.server.TeConvidoServer.<init>(TeConvidoServer.java:52)
	at com.teconvido.server.TeConvidoServer.main(TeConvidoServer.java:88)
20/05 11:46:08 | INFO  | SERVIDOR | Servidor iniciado en el puerto: 20000
20/05 11:48:29 | INFO  | SERVIDOR | Servidor iniciado en el puerto: 20000
20/05 11:50:59 | INFO  | SERVIDOR | Servidor iniciado en el puerto: 20000
20/05 11:51:55 | INFO  | SERVIDOR | Servidor iniciado en el puerto: 20000
20/05 11:52:27 | INFO  | SERVIDOR | Servidor iniciado en el puerto: 20000
20/05 11:55:59 | INFO  | SERVIDOR | Servidor iniciado en el puerto: 20000
20/05 11:57:04 | ERROR | SERVIDOR | Error al iniciar el servidor
java.net.BindException: Address already in use: JVM_Bind
	at java.net.DualStackPlainSocketImpl.bind0(Native Method)
	at java.net.DualStackPlainSocketImpl.socketBind(DualStackPlainSocketImpl.java:106)
	at java.net.AbstractPlainSocketImpl.bind(AbstractPlainSocketImpl.java:376)
	at java.net.PlainSocketImpl.bind(PlainSocketImpl.java:190)
	at java.net.ServerSocket.bind(ServerSocket.java:376)
	at java.net.ServerSocket.<init>(ServerSocket.java:237)
	at java.net.ServerSocket.<init>(ServerSocket.java:128)
	at com.taskserver.server.AbstractServer.<init>(AbstractServer.java:38)
	at com.teconvido.server.TeConvidoServer.<init>(TeConvidoServer.java:52)
	at com.teconvido.server.TeConvidoServer.main(TeConvidoServer.java:88)
20/05 11:57:11 | INFO  | SERVIDOR | Servidor iniciado en el puerto: 20000
20/05 11:57:49 | INFO  | SERVIDOR | Servidor iniciado en el puerto: 20000
20/05 11:58:11 | INFO  | SERVIDOR | Servidor iniciado en el puerto: 20000
20/05 11:59:40 | INFO  | SERVIDOR | Servidor iniciado en el puerto: 20000
20/05 12:01:24 | ERROR | SERVIDOR | Error al iniciar el servidor
java.net.BindException: Address already in use: JVM_Bind
	at java.net.DualStackPlainSocketImpl.bind0(Native Method)
	at java.net.DualStackPlainSocketImpl.socketBind(DualStackPlainSocketImpl.java:106)
	at java.net.AbstractPlainSocketImpl.bind(AbstractPlainSocketImpl.java:376)
	at java.net.PlainSocketImpl.bind(PlainSocketImpl.java:190)
	at java.net.ServerSocket.bind(ServerSocket.java:376)
	at java.net.ServerSocket.<init>(ServerSocket.java:237)
	at java.net.ServerSocket.<init>(ServerSocket.java:128)
	at com.taskserver.server.AbstractServer.<init>(AbstractServer.java:38)
	at com.teconvido.server.TeConvidoServer.<init>(TeConvidoServer.java:52)
	at com.teconvido.server.TeConvidoServer.main(TeConvidoServer.java:88)
20/05 12:01:34 | INFO  | SERVIDOR | Servidor iniciado en el puerto: 20000
20/05 12:04:12 | INFO  | SERVIDOR | Servidor iniciado en el puerto: 20000
20/05 12:13:55 | INFO  | SERVIDOR | Servidor iniciado en el puerto: 20000
20/05 12:14:49 | INFO  | SERVIDOR | Servidor iniciado en el puerto: 20000
20/05 12:17:14 | INFO  | SERVIDOR | Servidor iniciado en el puerto: 20000
20/05 12:17:32 | INFO  | SERVIDOR | Servidor iniciado en el puerto: 20000
20/05 12:18:39 | INFO  | SERVIDOR | Servidor iniciado en el puerto: 20000
20/05 12:19:01 | ERROR | SERVIDOR | Error al iniciar el servidor
java.net.BindException: Address already in use: JVM_Bind
	at java.net.DualStackPlainSocketImpl.bind0(Native Method)
	at java.net.DualStackPlainSocketImpl.socketBind(DualStackPlainSocketImpl.java:106)
	at java.net.AbstractPlainSocketImpl.bind(AbstractPlainSocketImpl.java:376)
	at java.net.PlainSocketImpl.bind(PlainSocketImpl.java:190)
	at java.net.ServerSocket.bind(ServerSocket.java:376)
	at java.net.ServerSocket.<init>(ServerSocket.java:237)
	at java.net.ServerSocket.<init>(ServerSocket.java:128)
	at com.taskserver.server.AbstractServer.<init>(AbstractServer.java:38)
	at com.teconvido.server.TeConvidoServer.<init>(TeConvidoServer.java:52)
	at com.teconvido.server.TeConvidoServer.main(TeConvidoServer.java:88)
20/05 12:19:12 | INFO  | SERVIDOR | Servidor iniciado en el puerto: 20000
20/05 12:19:51 | INFO  | SERVIDOR | Servidor iniciado en el puerto: 20000
20/05 12:21:06 | ERROR | SERVIDOR | Error al iniciar el servidor
java.net.BindException: Address already in use: JVM_Bind
	at java.net.DualStackPlainSocketImpl.bind0(Native Method)
	at java.net.DualStackPlainSocketImpl.socketBind(DualStackPlainSocketImpl.java:106)
	at java.net.AbstractPlainSocketImpl.bind(AbstractPlainSocketImpl.java:376)
	at java.net.PlainSocketImpl.bind(PlainSocketImpl.java:190)
	at java.net.ServerSocket.bind(ServerSocket.java:376)
	at java.net.ServerSocket.<init>(ServerSocket.java:237)
	at java.net.ServerSocket.<init>(ServerSocket.java:128)
	at com.taskserver.server.AbstractServer.<init>(AbstractServer.java:38)
	at com.teconvido.server.TeConvidoServer.<init>(TeConvidoServer.java:52)
	at com.teconvido.server.TeConvidoServer.main(TeConvidoServer.java:88)
20/05 12:21:11 | INFO  | SERVIDOR | Servidor iniciado en el puerto: 20000
20/05 12:32:50 | INFO  | SERVIDOR | Servidor iniciado en el puerto: 20000
20/05 12:33:27 | INFO  | SERVIDOR | Servidor iniciado en el puerto: 20000
20/05 12:34:42 | INFO  | SERVIDOR | Servidor iniciado en el puerto: 20000
20/05 13:27:34 | ERROR | SERVIDOR | Error al iniciar el servidor
java.net.BindException: Address already in use: JVM_Bind
	at java.net.DualStackPlainSocketImpl.bind0(Native Method)
	at java.net.DualStackPlainSocketImpl.socketBind(DualStackPlainSocketImpl.java:106)
	at java.net.AbstractPlainSocketImpl.bind(AbstractPlainSocketImpl.java:376)
	at java.net.PlainSocketImpl.bind(PlainSocketImpl.java:190)
	at java.net.ServerSocket.bind(ServerSocket.java:376)
	at java.net.ServerSocket.<init>(ServerSocket.java:237)
	at java.net.ServerSocket.<init>(ServerSocket.java:128)
	at com.taskserver.server.AbstractServer.<init>(AbstractServer.java:38)
	at com.teconvido.server.TeConvidoServer.<init>(TeConvidoServer.java:51)
	at com.teconvido.server.TeConvidoServer.main(TeConvidoServer.java:87)
20/05 13:27:40 | INFO  | SERVIDOR | Servidor iniciado en el puerto: 20000
20/05 13:29:26 | INFO  | SERVIDOR | Servidor iniciado en el puerto: 20000
20/05 13:33:42 | INFO  | SERVIDOR | Servidor iniciado en el puerto: 20000
20/05 13:35:52 | ERROR | SERVIDOR | Error al iniciar el servidor
java.net.BindException: Address already in use: JVM_Bind
	at java.net.DualStackPlainSocketImpl.bind0(Native Method)
	at java.net.DualStackPlainSocketImpl.socketBind(DualStackPlainSocketImpl.java:106)
	at java.net.AbstractPlainSocketImpl.bind(AbstractPlainSocketImpl.java:376)
	at java.net.PlainSocketImpl.bind(PlainSocketImpl.java:190)
	at java.net.ServerSocket.bind(ServerSocket.java:376)
	at java.net.ServerSocket.<init>(ServerSocket.java:237)
	at java.net.ServerSocket.<init>(ServerSocket.java:128)
	at com.taskserver.server.AbstractServer.<init>(AbstractServer.java:38)
	at com.teconvido.server.TeConvidoServer.<init>(TeConvidoServer.java:51)
	at com.teconvido.server.TeConvidoServer.main(TeConvidoServer.java:87)
20/05 13:35:58 | INFO  | SERVIDOR | Servidor iniciado en el puerto: 20000
20/05 13:37:16 | INFO  | SERVIDOR | Servidor iniciado en el puerto: 20000
20/05 13:38:52 | INFO  | SERVIDOR | Servidor iniciado en el puerto: 20000
20/05 13:43:21 | ERROR | SERVIDOR | Error al iniciar el servidor
java.net.BindException: Address already in use: JVM_Bind
	at java.net.DualStackPlainSocketImpl.bind0(Native Method)
	at java.net.DualStackPlainSocketImpl.socketBind(DualStackPlainSocketImpl.java:106)
	at java.net.AbstractPlainSocketImpl.bind(AbstractPlainSocketImpl.java:376)
	at java.net.PlainSocketImpl.bind(PlainSocketImpl.java:190)
	at java.net.ServerSocket.bind(ServerSocket.java:376)
	at java.net.ServerSocket.<init>(ServerSocket.java:237)
	at java.net.ServerSocket.<init>(ServerSocket.java:128)
	at com.taskserver.server.AbstractServer.<init>(AbstractServer.java:38)
	at com.teconvido.server.TeConvidoServer.<init>(TeConvidoServer.java:51)
	at com.teconvido.server.TeConvidoServer.main(TeConvidoServer.java:87)
20/05 13:43:29 | INFO  | SERVIDOR | Servidor iniciado en el puerto: 20000
20/05 13:43:32 | ERROR | ACCESO | IP : /127.0.0.1:58869 | ACCION: GetElement | java.lang.ClassCastException: com.google.gson.internal.LinkedTreeMap cannot be cast to com.teconvido.bd.modelo.User
21/05 11:30:08 | INFO  | SERVIDOR | Servidor iniciado en el puerto: 20000
21/05 11:30:15 | ERROR | ACCESO | IP : /127.0.0.1:53434 | ACCION: GetElement | com.google.gson.JsonSyntaxException: java.lang.IllegalStateException: Expected a string but was BEGIN_OBJECT at line 1 column 2
21/05 11:44:18 | INFO  | SERVIDOR | Servidor iniciado en el puerto: 20000
21/05 11:44:24 | ERROR | ACCESO | IP : /127.0.0.1:53823 | ACCION: GetElement | com.google.gson.JsonSyntaxException: java.lang.IllegalStateException: Expected a string but was BEGIN_OBJECT at line 1 column 2
21/05 11:54:41 | INFO  | SERVIDOR | Servidor iniciado en el puerto: 20000
21/05 11:54:49 | INFO  | ACCESO | IP : /127.0.0.1:53965 | ACCION: IS_CORRECT_LOGIN | BUSQUEDA: {"email":"alexsilva792@gmail.com","password":"65111992"}
21/05 11:56:48 | INFO  | SERVIDOR | Servidor iniciado en el puerto: 20000
21/05 11:56:53 | INFO  | ACCESO | IP : /127.0.0.1:53991 | ACCION: IS_CORRECT_LOGIN | BUSQUEDA: {"email":"alexsilva792@gmail.com","password":"65111992"}
21/05 11:58:06 | INFO  | SERVIDOR | Servidor iniciado en el puerto: 20000
21/05 11:58:10 | INFO  | ACCESO | IP : /127.0.0.1:54009 | ACCION: IS_CORRECT_LOGIN | BUSQUEDA: {"email":"alexsilva792@gmail.com","password":"65111992"}
21/05 11:59:56 | INFO  | SERVIDOR | Servidor iniciado en el puerto: 20000
21/05 12:00:01 | INFO  | ACCESO | IP : /127.0.0.1:54036 | ACCION: IS_CORRECT_LOGIN | BUSQUEDA: {"email":"alexsilva792@gmail.com","password":"65111992"}
22/05 19:51:19 | INFO  | SERVIDOR | Servidor iniciado en el puerto: 20000
22/05 19:51:29 | INFO  | ACCESO | IP : /127.0.0.1:62479 | ACCION: IS_CORRECT_LOGIN | BUSQUEDA: {"email":"alexsilva792@gmail.com","password":"65111992"}
22/05 20:03:00 | ERROR | SERVIDOR | Error al iniciar el servidor
java.net.BindException: Address already in use: JVM_Bind
	at java.net.DualStackPlainSocketImpl.bind0(Native Method)
	at java.net.DualStackPlainSocketImpl.socketBind(DualStackPlainSocketImpl.java:106)
	at java.net.AbstractPlainSocketImpl.bind(AbstractPlainSocketImpl.java:376)
	at java.net.PlainSocketImpl.bind(PlainSocketImpl.java:190)
	at java.net.ServerSocket.bind(ServerSocket.java:376)
	at java.net.ServerSocket.<init>(ServerSocket.java:237)
	at java.net.ServerSocket.<init>(ServerSocket.java:128)
	at com.taskserver.server.AbstractServer.<init>(AbstractServer.java:38)
	at com.teconvido.server.TeConvidoServer.<init>(TeConvidoServer.java:51)
	at com.teconvido.server.TeConvidoServer.main(TeConvidoServer.java:87)
22/05 20:03:07 | INFO  | SERVIDOR | Servidor iniciado en el puerto: 20000
22/05 20:03:10 | INFO  | ACCESO | IP : /127.0.0.1:62736 | ACCION: IS_CORRECT_LOGIN | BUSQUEDA: {"email":"alexsilva792@gmail.com","password":"65111992"}
22/05 20:04:18 | INFO  | SERVIDOR | Servidor iniciado en el puerto: 20000
22/05 20:04:26 | INFO  | ACCESO | IP : /127.0.0.1:62755 | ACCION: IS_CORRECT_LOGIN | BUSQUEDA: {"email":"alexsilva792@gmail.com","password":"65111992"}
22/05 20:05:10 | INFO  | ACCESO | IP : /127.0.0.1:62774 | ACCION: IS_CORRECT_LOGIN | BUSQUEDA: {"email":"alexsilva792@gmail.com","password":"65111992"}
22/05 20:05:22 | INFO  | ACCESO | IP : /127.0.0.1:62782 | ACCION: IS_CORRECT_LOGIN | BUSQUEDA: {"email":"alexsilva792@gmail.com","password":"65111992"}
22/05 20:06:02 | INFO  | ACCESO | IP : /127.0.0.1:62796 | ACCION: IS_CORRECT_LOGIN | BUSQUEDA: {"email":"alexsilva792@gmail.com","password":"65111992"}
22/05 20:07:06 | INFO  | SERVIDOR | Servidor iniciado en el puerto: 20000
22/05 20:07:11 | INFO  | ACCESO | IP : /127.0.0.1:62814 | ACCION: IS_CORRECT_LOGIN | BUSQUEDA: {"email":"alexsilva792@gmail.com","password":"65111992"}
22/05 20:07:49 | INFO  | SERVIDOR | Servidor iniciado en el puerto: 20000
22/05 20:07:53 | INFO  | ACCESO | IP : /127.0.0.1:62841 | ACCION: IS_CORRECT_LOGIN | BUSQUEDA: {"email":"alexsilva792@gmail.com","password":"65111992"}
22/05 20:08:46 | INFO  | SERVIDOR | Servidor iniciado en el puerto: 20000
22/05 20:08:49 | INFO  | ACCESO | IP : /127.0.0.1:62861 | ACCION: IS_CORRECT_LOGIN | BUSQUEDA: {"email":"alexsilva792@gmail.com","password":"65111992"}
26/05 12:34:53 | INFO  | SERVIDOR | Servidor iniciado en el puerto: 20000
26/05 12:35:46 | INFO  | ACCESO | IP : /127.0.0.1:50068 | ACCION: IS_CORRECT_LOGIN | BUSQUEDA: {"email":"alexsilva792@gmail.com","password":"65111992"}
26/05 12:36:52 | INFO  | SERVIDOR | Servidor iniciado en el puerto: 20000
26/05 12:36:59 | INFO  | ACCESO | IP : /127.0.0.1:50084 | ACCION: IS_CORRECT_LOGIN | BUSQUEDA: {"email":"alexsilva792@gmail.com","password":"65111992"}
26/05 12:42:13 | INFO  | ACCESO | IP : /127.0.0.1:50149 | ACCION: IS_CORRECT_LOGIN | BUSQUEDA: {"email":"alexsilva792@gmail.com","password":"65111992"}
26/05 12:43:15 | INFO  | ACCESO | IP : /127.0.0.1:50161 | ACCION: IS_CORRECT_LOGIN | BUSQUEDA: {"email":"alexsilva792@gmail.com","password":"65111992"}
26/05 12:44:08 | INFO  | ACCESO | IP : /127.0.0.1:50172 | ACCION: IS_CORRECT_LOGIN | BUSQUEDA: {"email":"alexsilva792@gmail.com","password":"65111992"}
26/05 12:45:10 | INFO  | ACCESO | IP : /127.0.0.1:50186 | ACCION: IS_CORRECT_LOGIN | BUSQUEDA: {"email":"alexsilva792@gmail.com","password":"65111992"}
26/05 12:46:10 | INFO  | ACCESO | IP : /127.0.0.1:50200 | ACCION: IS_CORRECT_LOGIN | BUSQUEDA: {"email":"alexsilva792@gmail.com","password":"65111992"}
26/05 12:46:57 | INFO  | ACCESO | IP : /127.0.0.1:50210 | ACCION: IS_CORRECT_LOGIN | BUSQUEDA: {"email":"alexsilva792@gmail.com","password":"65111992"}
26/05 12:52:34 | INFO  | ACCESO | IP : /127.0.0.1:50286 | ACCION: IS_CORRECT_LOGIN | BUSQUEDA: {"email":"alexsilva792@gmail.com","password":"65111992"}
26/05 12:58:31 | INFO  | ACCESO | IP : /127.0.0.1:50405 | ACCION: IS_CORRECT_LOGIN | BUSQUEDA: {"email":"alexsilva792@gmail.com","password":"65111992"}
26/05 12:58:44 | INFO  | ACCESO | IP : /127.0.0.1:50410 | ACCION: IS_CORRECT_LOGIN | BUSQUEDA: {"email":"alexsilva7f92@gmail.com","password":"65111992"}
26/05 13:03:15 | INFO  | SERVIDOR | Servidor iniciado en el puerto: 20000
26/05 13:03:19 | INFO  | ACCESO | IP : /127.0.0.1:50497 | ACCION: IS_CORRECT_LOGIN | BUSQUEDA: {"email":"alexsilva7f92@gmail.com","password":"65111992"}
26/05 13:03:29 | INFO  | ACCESO | IP : /127.0.0.1:50501 | ACCION: IS_CORRECT_LOGIN | BUSQUEDA: {"email":"alexsilva792@gmail.com","password":"65111992"}
